<?xml version="1.0" encoding="UTF-8"?>
<testsuite name="me.hnnguyen.jenkins.JenkinsApplicationTests" tests="1" skipped="0" failures="0" errors="0" timestamp="2023-09-05T08:27:44" hostname="DESKTOP-J9G4LVF" time="0.317">
  <properties/>
  <testcase name="contextLoads()" classname="me.hnnguyen.jenkins.JenkinsApplicationTests" time="0.317"/>
  <system-out><![CDATA[15:27:42.996 [Test worker] DEBUG org.springframework.test.context.BootstrapUtils - Instantiating CacheAwareContextLoaderDelegate from class [org.springframework.test.context.cache.DefaultCacheAwareContextLoaderDelegate]
15:27:43.007 [Test worker] DEBUG org.springframework.test.context.BootstrapUtils - Instantiating BootstrapContext using constructor [public org.springframework.test.context.support.DefaultBootstrapContext(java.lang.Class,org.springframework.test.context.CacheAwareContextLoaderDelegate)]
15:27:43.044 [Test worker] DEBUG org.springframework.test.context.BootstrapUtils - Instantiating TestContextBootstrapper for test class [me.hnnguyen.jenkins.JenkinsApplicationTests] from class [org.springframework.boot.test.context.SpringBootTestContextBootstrapper]
15:27:43.055 [Test worker] INFO org.springframework.boot.test.context.SpringBootTestContextBootstrapper - Neither @ContextConfiguration nor @ContextHierarchy found for test class [me.hnnguyen.jenkins.JenkinsApplicationTests], using SpringBootContextLoader
15:27:43.059 [Test worker] DEBUG org.springframework.test.context.support.AbstractContextLoader - Did not detect default resource location for test class [me.hnnguyen.jenkins.JenkinsApplicationTests]: class path resource [me/hnnguyen/jenkins/JenkinsApplicationTests-context.xml] does not exist
15:27:43.060 [Test worker] DEBUG org.springframework.test.context.support.AbstractContextLoader - Did not detect default resource location for test class [me.hnnguyen.jenkins.JenkinsApplicationTests]: class path resource [me/hnnguyen/jenkins/JenkinsApplicationTestsContext.groovy] does not exist
15:27:43.060 [Test worker] INFO org.springframework.test.context.support.AbstractContextLoader - Could not detect default resource locations for test class [me.hnnguyen.jenkins.JenkinsApplicationTests]: no resource found for suffixes {-context.xml, Context.groovy}.
15:27:43.061 [Test worker] INFO org.springframework.test.context.support.AnnotationConfigContextLoaderUtils - Could not detect default configuration classes for test class [me.hnnguyen.jenkins.JenkinsApplicationTests]: JenkinsApplicationTests does not declare any static, non-private, non-final, nested classes annotated with @Configuration.
15:27:43.103 [Test worker] DEBUG org.springframework.test.context.support.ActiveProfilesUtils - Could not find an 'annotation declaring class' for annotation type [org.springframework.test.context.ActiveProfiles] and class [me.hnnguyen.jenkins.JenkinsApplicationTests]
15:27:43.152 [Test worker] DEBUG org.springframework.context.annotation.ClassPathScanningCandidateComponentProvider - Identified candidate component class: file [D:\TRAINING\Java\jenkins\build\classes\java\main\me\hnnguyen\jenkins\JenkinsApplication.class]
15:27:43.154 [Test worker] INFO org.springframework.boot.test.context.SpringBootTestContextBootstrapper - Found @SpringBootConfiguration me.hnnguyen.jenkins.JenkinsApplication for test class me.hnnguyen.jenkins.JenkinsApplicationTests
15:27:43.245 [Test worker] DEBUG org.springframework.boot.test.context.SpringBootTestContextBootstrapper - @TestExecutionListeners is not present for class [me.hnnguyen.jenkins.JenkinsApplicationTests]: using defaults.
15:27:43.246 [Test worker] INFO org.springframework.boot.test.context.SpringBootTestContextBootstrapper - Loaded default TestExecutionListener class names from location [META-INF/spring.factories]: [org.springframework.boot.test.autoconfigure.restdocs.RestDocsTestExecutionListener, org.springframework.boot.test.autoconfigure.web.client.MockRestServiceServerResetTestExecutionListener, org.springframework.boot.test.autoconfigure.web.servlet.MockMvcPrintOnlyOnFailureTestExecutionListener, org.springframework.boot.test.autoconfigure.web.servlet.WebDriverTestExecutionListener, org.springframework.boot.test.autoconfigure.webservices.client.MockWebServiceServerTestExecutionListener, org.springframework.boot.test.mock.mockito.MockitoTestExecutionListener, org.springframework.boot.test.mock.mockito.ResetMocksTestExecutionListener, org.springframework.test.context.web.ServletTestExecutionListener, org.springframework.test.context.support.DirtiesContextBeforeModesTestExecutionListener, org.springframework.test.context.event.ApplicationEventsTestExecutionListener, org.springframework.test.context.support.DependencyInjectionTestExecutionListener, org.springframework.test.context.support.DirtiesContextTestExecutionListener, org.springframework.test.context.transaction.TransactionalTestExecutionListener, org.springframework.test.context.jdbc.SqlScriptsTestExecutionListener, org.springframework.test.context.event.EventPublishingTestExecutionListener]
15:27:43.256 [Test worker] DEBUG org.springframework.boot.test.context.SpringBootTestContextBootstrapper - Skipping candidate TestExecutionListener [org.springframework.test.context.transaction.TransactionalTestExecutionListener] due to a missing dependency. Specify custom listener classes or make the default listener classes and their required dependencies available. Offending class: [org/springframework/transaction/interceptor/TransactionAttributeSource]
15:27:43.256 [Test worker] DEBUG org.springframework.boot.test.context.SpringBootTestContextBootstrapper - Skipping candidate TestExecutionListener [org.springframework.test.context.jdbc.SqlScriptsTestExecutionListener] due to a missing dependency. Specify custom listener classes or make the default listener classes and their required dependencies available. Offending class: [org/springframework/transaction/interceptor/TransactionAttribute]
15:27:43.257 [Test worker] INFO org.springframework.boot.test.context.SpringBootTestContextBootstrapper - Using TestExecutionListeners: [org.springframework.test.context.web.ServletTestExecutionListener@345e5a17, org.springframework.test.context.support.DirtiesContextBeforeModesTestExecutionListener@5ea502e0, org.springframework.test.context.event.ApplicationEventsTestExecutionListener@443dbe42, org.springframework.boot.test.mock.mockito.MockitoTestExecutionListener@473b3b7a, org.springframework.boot.test.autoconfigure.SpringBootDependencyInjectionTestExecutionListener@1734f68, org.springframework.test.context.support.DirtiesContextTestExecutionListener@77b7ffa4, org.springframework.test.context.event.EventPublishingTestExecutionListener@5ed190be, org.springframework.boot.test.autoconfigure.restdocs.RestDocsTestExecutionListener@402f80f5, org.springframework.boot.test.autoconfigure.web.client.MockRestServiceServerResetTestExecutionListener@5bbc9f97, org.springframework.boot.test.autoconfigure.web.servlet.MockMvcPrintOnlyOnFailureTestExecutionListener@133e019b, org.springframework.boot.test.autoconfigure.web.servlet.WebDriverTestExecutionListener@41382722, org.springframework.boot.test.autoconfigure.webservices.client.MockWebServiceServerTestExecutionListener@7dac3fd8, org.springframework.boot.test.mock.mockito.ResetMocksTestExecutionListener@425357dd]
15:27:43.260 [Test worker] DEBUG org.springframework.test.context.support.AbstractDirtiesContextTestExecutionListener - Before test class: context [DefaultTestContext@2a551a63 testClass = JenkinsApplicationTests, testInstance = [null], testMethod = [null], testException = [null], mergedContextConfiguration = [WebMergedContextConfiguration@1a6f5124 testClass = JenkinsApplicationTests, locations = '{}', classes = '{class me.hnnguyen.jenkins.JenkinsApplication}', contextInitializerClasses = '[]', activeProfiles = '{}', propertySourceLocations = '{}', propertySourceProperties = '{org.springframework.boot.test.context.SpringBootTestContextBootstrapper=true}', contextCustomizers = set[org.springframework.boot.test.autoconfigure.actuate.metrics.MetricsExportContextCustomizerFactory$DisableMetricExportContextCustomizer@6941827a, org.springframework.boot.test.autoconfigure.properties.PropertyMappingContextCustomizer@0, org.springframework.boot.test.autoconfigure.web.servlet.WebDriverContextCustomizerFactory$Customizer@25b2cfcb, org.springframework.boot.test.context.filter.ExcludeFilterContextCustomizer@21baa903, org.springframework.boot.test.json.DuplicateJsonObjectContextCustomizerFactory$DuplicateJsonObjectContextCustomizer@40cb698e, org.springframework.boot.test.mock.mockito.MockitoContextCustomizer@0, org.springframework.boot.test.web.client.TestRestTemplateContextCustomizer@65b3a85a, org.springframework.boot.test.context.SpringBootTestArgs@1, org.springframework.boot.test.context.SpringBootTestWebEnvironment@1cf56a1c], resourceBasePath = 'src/main/webapp', contextLoader = 'org.springframework.boot.test.context.SpringBootContextLoader', parent = [null]], attributes = map['org.springframework.test.context.web.ServletTestExecutionListener.activateListener' -> true]], class annotated with @DirtiesContext [false] with mode [null].

  .   ____          _            __ _ _
 /\\ / ___'_ __ _ _(_)_ __  __ _ \ \ \ \
( ( )\___ | '_ | '_| | '_ \/ _` | \ \ \ \
 \\/  ___)| |_)| | | | | || (_| |  ) ) ) )
  '  |____| .__|_| |_|_| |_\__, | / / / /
 =========|_|==============|___/=/_/_/_/
 :: Spring Boot ::               (v2.7.15)

2023-09-05 15:27:43.563  INFO 9300 --- [    Test worker] m.h.jenkins.JenkinsApplicationTests      : Starting JenkinsApplicationTests using Java 11.0.16 on DESKTOP-J9G4LVF with PID 9300 (started by DN-009 in D:\TRAINING\Java\jenkins)
2023-09-05 15:27:43.565  INFO 9300 --- [    Test worker] m.h.jenkins.JenkinsApplicationTests      : No active profile set, falling back to 1 default profile: "default"
2023-09-05 15:27:44.722  INFO 9300 --- [    Test worker] m.h.jenkins.JenkinsApplicationTests      : Started JenkinsApplicationTests in 1.424 seconds (JVM running for 2.642)
]]></system-out>
  <system-err><![CDATA[]]></system-err>
</testsuite>
